;  LST file generated by mikroListExporter - v.2.0 
; Date/Time: 22.06.2021 10:20:02
;----------------------------------------------

;Address Opcode 	ASM
0x0000	0x2AA4      	GOTO       676
_Delay_50us:
;__Lib_Delays.c,19 :: 		void Delay_50us() {
;__Lib_Delays.c,20 :: 		Delay_us(50);
0x0003	0x3021      	MOVLW      33
0x0004	0x1283      	BCF        STATUS, 5
0x0005	0x1303      	BCF        STATUS, 6
0x0006	0x00FD      	MOVWF      R13
L_Delay_50us2:
0x0007	0x0BFD      	DECFSZ     R13, 1
0x0008	0x2807      	GOTO       L_Delay_50us2
;__Lib_Delays.c,21 :: 		}
L_end_Delay_50us:
0x0009	0x0008      	RETURN
; end of _Delay_50us
_Delay_1us:
;__Lib_Delays.c,7 :: 		void Delay_1us() {
;__Lib_Delays.c,8 :: 		Delay_us(1);
0x000A	0x0000      	NOP
0x000B	0x0000      	NOP
;__Lib_Delays.c,9 :: 		}
L_end_Delay_1us:
0x000C	0x0008      	RETURN
; end of _Delay_1us
_Delay_5500us:
;__Lib_Delays.c,31 :: 		void Delay_5500us() {
;__Lib_Delays.c,32 :: 		Delay_us(5500);
0x000D	0x300F      	MOVLW      15
0x000E	0x1283      	BCF        STATUS, 5
0x000F	0x1303      	BCF        STATUS, 6
0x0010	0x00FC      	MOVWF      R12
0x0011	0x3047      	MOVLW      71
0x0012	0x00FD      	MOVWF      R13
L_Delay_5500us5:
0x0013	0x0BFD      	DECFSZ     R13, 1
0x0014	0x2813      	GOTO       L_Delay_5500us5
0x0015	0x0BFC      	DECFSZ     R12, 1
0x0016	0x2813      	GOTO       L_Delay_5500us5
0x0017	0x0000      	NOP
0x0018	0x0000      	NOP
;__Lib_Delays.c,33 :: 		}
L_end_Delay_5500us:
0x0019	0x0008      	RETURN
; end of _Delay_5500us
_Lcd_Cmd:
;__Lib_Lcd.c,18 :: 		
;__Lib_Lcd.c,20 :: 		
0x001A	0x1283      	BCF        STATUS, 5
0x001B	0x1303      	BCF        STATUS, 6
0x001C	0x1BD7      	BTFSC      FARG_Lcd_Cmd_out_char, 7
0x001D	0x2820      	GOTO       L__Lcd_Cmd21
0x001E	0x1386      	BCF        LCD_D7, BitPos(LCD_D7+0)
0x001F	0x2821      	GOTO       L__Lcd_Cmd22
L__Lcd_Cmd21:
0x0020	0x1786      	BSF        LCD_D7, BitPos(LCD_D7+0)
L__Lcd_Cmd22:
;__Lib_Lcd.c,21 :: 		
0x0021	0x1B57      	BTFSC      FARG_Lcd_Cmd_out_char, 6
0x0022	0x2825      	GOTO       L__Lcd_Cmd23
0x0023	0x1306      	BCF        LCD_D6, BitPos(LCD_D6+0)
0x0024	0x2826      	GOTO       L__Lcd_Cmd24
L__Lcd_Cmd23:
0x0025	0x1706      	BSF        LCD_D6, BitPos(LCD_D6+0)
L__Lcd_Cmd24:
;__Lib_Lcd.c,22 :: 		
0x0026	0x1AD7      	BTFSC      FARG_Lcd_Cmd_out_char, 5
0x0027	0x282A      	GOTO       L__Lcd_Cmd25
0x0028	0x1286      	BCF        LCD_D5, BitPos(LCD_D5+0)
0x0029	0x282B      	GOTO       L__Lcd_Cmd26
L__Lcd_Cmd25:
0x002A	0x1686      	BSF        LCD_D5, BitPos(LCD_D5+0)
L__Lcd_Cmd26:
;__Lib_Lcd.c,23 :: 		
0x002B	0x1A57      	BTFSC      FARG_Lcd_Cmd_out_char, 4
0x002C	0x282F      	GOTO       L__Lcd_Cmd27
0x002D	0x1206      	BCF        LCD_D4, BitPos(LCD_D4+0)
0x002E	0x2830      	GOTO       L__Lcd_Cmd28
L__Lcd_Cmd27:
0x002F	0x1606      	BSF        LCD_D4, BitPos(LCD_D4+0)
L__Lcd_Cmd28:
;__Lib_Lcd.c,25 :: 		
0x0030	0x183B      	BTFSC      __Lib_Lcd_cmd_status, BitPos(__Lib_Lcd_cmd_status+0)
0x0031	0x2834      	GOTO       L__Lcd_Cmd29
0x0032	0x1506      	BSF        LCD_RS, BitPos(LCD_RS+0)
0x0033	0x2835      	GOTO       L__Lcd_Cmd30
L__Lcd_Cmd29:
0x0034	0x1106      	BCF        LCD_RS, BitPos(LCD_RS+0)
L__Lcd_Cmd30:
;__Lib_Lcd.c,28 :: 		
0x0035	0x1586      	BSF        LCD_EN, BitPos(LCD_EN+0)
;__Lib_Lcd.c,29 :: 		
0x0036	0x200A      	CALL       _Delay_1us
;__Lib_Lcd.c,30 :: 		
0x0037	0x1186      	BCF        LCD_EN, BitPos(LCD_EN+0)
;__Lib_Lcd.c,33 :: 		
0x0038	0x19D7      	BTFSC      FARG_Lcd_Cmd_out_char, 3
0x0039	0x283C      	GOTO       L__Lcd_Cmd31
0x003A	0x1386      	BCF        LCD_D7, BitPos(LCD_D7+0)
0x003B	0x283D      	GOTO       L__Lcd_Cmd32
L__Lcd_Cmd31:
0x003C	0x1786      	BSF        LCD_D7, BitPos(LCD_D7+0)
L__Lcd_Cmd32:
;__Lib_Lcd.c,34 :: 		
0x003D	0x1957      	BTFSC      FARG_Lcd_Cmd_out_char, 2
0x003E	0x2841      	GOTO       L__Lcd_Cmd33
0x003F	0x1306      	BCF        LCD_D6, BitPos(LCD_D6+0)
0x0040	0x2842      	GOTO       L__Lcd_Cmd34
L__Lcd_Cmd33:
0x0041	0x1706      	BSF        LCD_D6, BitPos(LCD_D6+0)
L__Lcd_Cmd34:
;__Lib_Lcd.c,35 :: 		
0x0042	0x18D7      	BTFSC      FARG_Lcd_Cmd_out_char, 1
0x0043	0x2846      	GOTO       L__Lcd_Cmd35
0x0044	0x1286      	BCF        LCD_D5, BitPos(LCD_D5+0)
0x0045	0x2847      	GOTO       L__Lcd_Cmd36
L__Lcd_Cmd35:
0x0046	0x1686      	BSF        LCD_D5, BitPos(LCD_D5+0)
L__Lcd_Cmd36:
;__Lib_Lcd.c,36 :: 		
0x0047	0x1857      	BTFSC      FARG_Lcd_Cmd_out_char, 0
0x0048	0x284B      	GOTO       L__Lcd_Cmd37
0x0049	0x1206      	BCF        LCD_D4, BitPos(LCD_D4+0)
0x004A	0x284C      	GOTO       L__Lcd_Cmd38
L__Lcd_Cmd37:
0x004B	0x1606      	BSF        LCD_D4, BitPos(LCD_D4+0)
L__Lcd_Cmd38:
;__Lib_Lcd.c,38 :: 		
0x004C	0x183B      	BTFSC      __Lib_Lcd_cmd_status, BitPos(__Lib_Lcd_cmd_status+0)
0x004D	0x2850      	GOTO       L__Lcd_Cmd39
0x004E	0x1506      	BSF        LCD_RS, BitPos(LCD_RS+0)
0x004F	0x2851      	GOTO       L__Lcd_Cmd40
L__Lcd_Cmd39:
0x0050	0x1106      	BCF        LCD_RS, BitPos(LCD_RS+0)
L__Lcd_Cmd40:
;__Lib_Lcd.c,40 :: 		
0x0051	0x1586      	BSF        LCD_EN, BitPos(LCD_EN+0)
;__Lib_Lcd.c,41 :: 		
0x0052	0x200A      	CALL       _Delay_1us
;__Lib_Lcd.c,42 :: 		
0x0053	0x1186      	BCF        LCD_EN, BitPos(LCD_EN+0)
;__Lib_Lcd.c,44 :: 		
0x0054	0x1C3B      	BTFSS      __Lib_Lcd_cmd_status, BitPos(__Lib_Lcd_cmd_status+0)
0x0055	0x2858      	GOTO       L_Lcd_Cmd0
;__Lib_Lcd.c,45 :: 		
0x0056	0x200D      	CALL       _Delay_5500us
0x0057	0x2859      	GOTO       L_Lcd_Cmd1
L_Lcd_Cmd0:
;__Lib_Lcd.c,47 :: 		
0x0058	0x2003      	CALL       _Delay_50us
L_Lcd_Cmd1:
;__Lib_Lcd.c,48 :: 		
L_end_Lcd_Cmd:
0x0059	0x0008      	RETURN
; end of _Lcd_Cmd
_Mul_16X16_U:
;__Lib_Math.c,136 :: 		
;__Lib_Math.c,143 :: 		
0x005A	0x1283      	BCF        STATUS, 5
;__Lib_Math.c,144 :: 		
0x005B	0x1303      	BCF        STATUS, 6
;__Lib_Math.c,145 :: 		
0x005C	0x01FB      	CLRF       R11
;__Lib_Math.c,146 :: 		
0x005D	0x01FA      	CLRF       R10
;__Lib_Math.c,147 :: 		
0x005E	0x01F9      	CLRF       R9
;__Lib_Math.c,148 :: 		
0x005F	0x3080      	MOVLW      128
;__Lib_Math.c,149 :: 		
0x0060	0x00F8      	MOVWF      R8
;__Lib_Math.c,150 :: 		
0x0061	0x0CF1      	RRF        R1, 1
;__Lib_Math.c,151 :: 		
0x0062	0x0CF0      	RRF        R0, 1
;__Lib_Math.c,152 :: 		
0x0063	0x1C03      	BTFSS      STATUS, 0
;__Lib_Math.c,153 :: 		
0x0064	0x286E      	GOTO       $+10
;__Lib_Math.c,154 :: 		
0x0065	0x0874      	MOVF       R4, 0
;__Lib_Math.c,155 :: 		
0x0066	0x07F9      	ADDWF      R9, 1
;__Lib_Math.c,156 :: 		
0x0067	0x0875      	MOVF       R5, 0
;__Lib_Math.c,157 :: 		
0x0068	0x1803      	BTFSC      STATUS, 0
;__Lib_Math.c,158 :: 		
0x0069	0x0F75      	INCFSZ     R5, 0
;__Lib_Math.c,159 :: 		
0x006A	0x07FA      	ADDWF      R10, 1
;__Lib_Math.c,160 :: 		
0x006B	0x1803      	BTFSC      STATUS, 0
;__Lib_Math.c,161 :: 		
0x006C	0x0AFB      	INCF       R11, 1
;__Lib_Math.c,162 :: 		
0x006D	0x1003      	BCF        STATUS, 0
;__Lib_Math.c,163 :: 		
0x006E	0x1FF0      	BTFSS      R0, 7
;__Lib_Math.c,164 :: 		
0x006F	0x2876      	GOTO       $+7
;__Lib_Math.c,165 :: 		
0x0070	0x0874      	MOVF       R4, 0
;__Lib_Math.c,166 :: 		
0x0071	0x07FA      	ADDWF      R10, 1
;__Lib_Math.c,167 :: 		
0x0072	0x0875      	MOVF       R5, 0
;__Lib_Math.c,168 :: 		
0x0073	0x1803      	BTFSC      STATUS, 0
;__Lib_Math.c,169 :: 		
0x0074	0x0F75      	INCFSZ     R5, 0
;__Lib_Math.c,170 :: 		
0x0075	0x07FB      	ADDWF      R11, 1
;__Lib_Math.c,171 :: 		
0x0076	0x0CFB      	RRF        R11, 1
;__Lib_Math.c,172 :: 		
0x0077	0x0CFA      	RRF        R10, 1
;__Lib_Math.c,173 :: 		
0x0078	0x0CF9      	RRF        R9, 1
;__Lib_Math.c,174 :: 		
0x0079	0x0CF8      	RRF        R8, 1
;__Lib_Math.c,175 :: 		
0x007A	0x1C03      	BTFSS      STATUS, 0
;__Lib_Math.c,176 :: 		
0x007B	0x2861      	GOTO       $-26
;__Lib_Math.c,177 :: 		
0x007C	0x087B      	MOVF       R11, 0
;__Lib_Math.c,178 :: 		
0x007D	0x00F3      	MOVWF      R3
;__Lib_Math.c,179 :: 		
0x007E	0x087A      	MOVF       R10, 0
;__Lib_Math.c,180 :: 		
0x007F	0x00F2      	MOVWF      R2
;__Lib_Math.c,181 :: 		
0x0080	0x0879      	MOVF       R9, 0
;__Lib_Math.c,182 :: 		
0x0081	0x00F1      	MOVWF      R1
;__Lib_Math.c,183 :: 		
0x0082	0x0878      	MOVF       R8, 0
;__Lib_Math.c,184 :: 		
0x0083	0x00F0      	MOVWF      R0
;__Lib_Math.c,187 :: 		
L_end_Mul_16X16_U:
0x0084	0x0008      	RETURN
; end of _Mul_16X16_U
_Lcd_Chr_CP:
;__Lib_Lcd.c,50 :: 		
;__Lib_Lcd.c,52 :: 		
0x0085	0x1283      	BCF        STATUS, 5
0x0086	0x1303      	BCF        STATUS, 6
0x0087	0x103B      	BCF        __Lib_Lcd_cmd_status, BitPos(__Lib_Lcd_cmd_status+0)
;__Lib_Lcd.c,53 :: 		
0x0088	0x0856      	MOVF       FARG_Lcd_Chr_CP_out_char, 0
0x0089	0x00D7      	MOVWF      FARG_Lcd_Cmd_out_char
0x008A	0x201A      	CALL       _Lcd_Cmd
;__Lib_Lcd.c,54 :: 		
0x008B	0x143B      	BSF        __Lib_Lcd_cmd_status, BitPos(__Lib_Lcd_cmd_status+0)
;__Lib_Lcd.c,55 :: 		
L_end_Lcd_Chr_CP:
0x008C	0x0008      	RETURN
; end of _Lcd_Chr_CP
_Delay_22us:
;__Lib_Delays.c,15 :: 		void Delay_22us() {
;__Lib_Delays.c,16 :: 		Delay_us(22);
0x008D	0x300E      	MOVLW      14
0x008E	0x1283      	BCF        STATUS, 5
0x008F	0x1303      	BCF        STATUS, 6
0x0090	0x00FD      	MOVWF      R13
L_Delay_22us1:
0x0091	0x0BFD      	DECFSZ     R13, 1
0x0092	0x2891      	GOTO       L_Delay_22us1
0x0093	0x0000      	NOP
;__Lib_Delays.c,17 :: 		}
L_end_Delay_22us:
0x0094	0x0008      	RETURN
; end of _Delay_22us
_Div_8X8_U:
;__Lib_Math.c,189 :: 		
;__Lib_Math.c,196 :: 		
0x0095	0x1283      	BCF        STATUS, 5
;__Lib_Math.c,197 :: 		
0x0096	0x1303      	BCF        STATUS, 6
;__Lib_Math.c,198 :: 		
0x0097	0x01F8      	CLRF       R8
;__Lib_Math.c,199 :: 		
0x0098	0x3008      	MOVLW      8
;__Lib_Math.c,200 :: 		
0x0099	0x00FC      	MOVWF      R12
;__Lib_Math.c,201 :: 		
0x009A	0x0D70      	RLF        R0, 0
;__Lib_Math.c,202 :: 		
0x009B	0x0DF8      	RLF        R8, 1
;__Lib_Math.c,203 :: 		
0x009C	0x0874      	MOVF       R4, 0
;__Lib_Math.c,204 :: 		
0x009D	0x02F8      	SUBWF      R8, 1
;__Lib_Math.c,205 :: 		
0x009E	0x1803      	BTFSC      STATUS, 0
;__Lib_Math.c,206 :: 		
0x009F	0x28A2      	GOTO       $+3
;__Lib_Math.c,207 :: 		
0x00A0	0x07F8      	ADDWF      R8, 1
;__Lib_Math.c,208 :: 		
0x00A1	0x1003      	BCF        STATUS, 0
;__Lib_Math.c,209 :: 		
0x00A2	0x0DF0      	RLF        R0, 1
;__Lib_Math.c,210 :: 		
0x00A3	0x0BFC      	DECFSZ     R12, 1
;__Lib_Math.c,211 :: 		
0x00A4	0x289A      	GOTO       $-10
;__Lib_Math.c,213 :: 		
L_end_Div_8X8_U:
0x00A5	0x0008      	RETURN
; end of _Div_8X8_U
_Div_16X16_U:
;__Lib_Math.c,215 :: 		
;__Lib_Math.c,222 :: 		
0x00A6	0x1283      	BCF        STATUS, 5
;__Lib_Math.c,223 :: 		
0x00A7	0x1303      	BCF        STATUS, 6
;__Lib_Math.c,224 :: 		
0x00A8	0x01F8      	CLRF       R8
;__Lib_Math.c,225 :: 		
0x00A9	0x01F9      	CLRF       R9
;__Lib_Math.c,226 :: 		
0x00AA	0x3010      	MOVLW      16
;__Lib_Math.c,227 :: 		
0x00AB	0x00FC      	MOVWF      R12
;__Lib_Math.c,228 :: 		
0x00AC	0x0D71      	RLF        R1, 0
;__Lib_Math.c,229 :: 		
0x00AD	0x0DF8      	RLF        R8, 1
;__Lib_Math.c,230 :: 		
0x00AE	0x0DF9      	RLF        R9, 1
;__Lib_Math.c,231 :: 		
0x00AF	0x0874      	MOVF       R4, 0
;__Lib_Math.c,232 :: 		
0x00B0	0x02F8      	SUBWF      R8, 1
;__Lib_Math.c,233 :: 		
0x00B1	0x0875      	MOVF       R5, 0
;__Lib_Math.c,234 :: 		
0x00B2	0x1C03      	BTFSS      STATUS, 0
;__Lib_Math.c,235 :: 		
0x00B3	0x0F75      	INCFSZ     R5, 0
;__Lib_Math.c,236 :: 		
0x00B4	0x02F9      	SUBWF      R9, 1
;__Lib_Math.c,237 :: 		
0x00B5	0x1803      	BTFSC      STATUS, 0
;__Lib_Math.c,238 :: 		
0x00B6	0x28BE      	GOTO       $+8
;__Lib_Math.c,239 :: 		
0x00B7	0x0874      	MOVF       R4, 0
;__Lib_Math.c,240 :: 		
0x00B8	0x07F8      	ADDWF      R8, 1
;__Lib_Math.c,241 :: 		
0x00B9	0x0875      	MOVF       R5, 0
;__Lib_Math.c,242 :: 		
0x00BA	0x1803      	BTFSC      STATUS, 0
;__Lib_Math.c,243 :: 		
0x00BB	0x0F75      	INCFSZ     R5, 0
;__Lib_Math.c,244 :: 		
0x00BC	0x07F9      	ADDWF      R9, 1
;__Lib_Math.c,245 :: 		
0x00BD	0x1003      	BCF        STATUS, 0
;__Lib_Math.c,246 :: 		
0x00BE	0x0DF0      	RLF        R0, 1
;__Lib_Math.c,247 :: 		
0x00BF	0x0DF1      	RLF        R1, 1
;__Lib_Math.c,248 :: 		
0x00C0	0x0BFC      	DECFSZ     R12, 1
;__Lib_Math.c,249 :: 		
0x00C1	0x28AC      	GOTO       $-21
;__Lib_Math.c,251 :: 		
L_end_Div_16X16_U:
0x00C2	0x0008      	RETURN
; end of _Div_16X16_U
_____DoICP:
;__Lib_System.c,6 :: 		
;__Lib_System.c,9 :: 		
0x00C3	0x1283      	BCF        STATUS, 5
0x00C4	0x1303      	BCF        STATUS, 6
0x00C5	0x0842      	MOVF       ___DoICPAddr+1, 0
0x00C6	0x008A      	MOVWF      PCLATH
;__Lib_System.c,10 :: 		
0x00C7	0x0841      	MOVF       ___DoICPAddr, 0
0x00C8	0x0082      	MOVWF      PCL
;__Lib_System.c,12 :: 		
L_end_____DoICP:
0x00C9	0x0008      	RETURN
; end of _____DoICP
_WordToStr:
;__Lib_Conversions.c,98 :: 		
;__Lib_Conversions.c,103 :: 		
0x00CA	0x1283      	BCF        STATUS, 5
0x00CB	0x1303      	BCF        STATUS, 6
0x00CC	0x01D4      	CLRF       WordToStr_len_L0
L_WordToStr11:
0x00CD	0x3005      	MOVLW      5
0x00CE	0x0254      	SUBWF      WordToStr_len_L0, 0
0x00CF	0x1803      	BTFSC      STATUS, 0
0x00D0	0x28D8      	GOTO       L_WordToStr12
;__Lib_Conversions.c,104 :: 		
0x00D1	0x0854      	MOVF       WordToStr_len_L0, 0
0x00D2	0x0753      	ADDWF      FARG_WordToStr_output, 0
0x00D3	0x0084      	MOVWF      FSR
0x00D4	0x3020      	MOVLW      32
0x00D5	0x0080      	MOVWF      INDF
;__Lib_Conversions.c,103 :: 		
0x00D6	0x0AD4      	INCF       WordToStr_len_L0, 1
;__Lib_Conversions.c,104 :: 		
0x00D7	0x28CD      	GOTO       L_WordToStr11
L_WordToStr12:
;__Lib_Conversions.c,105 :: 		
0x00D8	0x0854      	MOVF       WordToStr_len_L0, 0
0x00D9	0x0753      	ADDWF      FARG_WordToStr_output, 0
0x00DA	0x0084      	MOVWF      FSR
0x00DB	0x0180      	CLRF       INDF
0x00DC	0x03D4      	DECF       WordToStr_len_L0, 1
;__Lib_Conversions.c,107 :: 		
L_WordToStr14:
;__Lib_Conversions.c,108 :: 		
0x00DD	0x0854      	MOVF       WordToStr_len_L0, 0
0x00DE	0x0753      	ADDWF      FARG_WordToStr_output, 0
0x00DF	0x00D5      	MOVWF      FLOC__WordToStr
0x00E0	0x300A      	MOVLW      10
0x00E1	0x00F4      	MOVWF      R4
0x00E2	0x01F5      	CLRF       R4+1
0x00E3	0x0851      	MOVF       FARG_WordToStr_input, 0
0x00E4	0x00F0      	MOVWF      R0
0x00E5	0x0852      	MOVF       FARG_WordToStr_input+1, 0
0x00E6	0x00F1      	MOVWF      R0+1
0x00E7	0x20A6      	CALL       _Div_16X16_U
0x00E8	0x0878      	MOVF       R8, 0
0x00E9	0x00F0      	MOVWF      R0
0x00EA	0x0879      	MOVF       R8+1, 0
0x00EB	0x00F1      	MOVWF      R0+1
0x00EC	0x3030      	MOVLW      48
0x00ED	0x07F0      	ADDWF      R0, 1
0x00EE	0x0855      	MOVF       FLOC__WordToStr, 0
0x00EF	0x0084      	MOVWF      FSR
0x00F0	0x0870      	MOVF       R0, 0
0x00F1	0x0080      	MOVWF      INDF
;__Lib_Conversions.c,109 :: 		
0x00F2	0x300A      	MOVLW      10
0x00F3	0x00F4      	MOVWF      R4
0x00F4	0x01F5      	CLRF       R4+1
0x00F5	0x0851      	MOVF       FARG_WordToStr_input, 0
0x00F6	0x00F0      	MOVWF      R0
0x00F7	0x0852      	MOVF       FARG_WordToStr_input+1, 0
0x00F8	0x00F1      	MOVWF      R0+1
0x00F9	0x20A6      	CALL       _Div_16X16_U
0x00FA	0x0870      	MOVF       R0, 0
0x00FB	0x00D1      	MOVWF      FARG_WordToStr_input
0x00FC	0x0871      	MOVF       R0+1, 0
0x00FD	0x00D2      	MOVWF      FARG_WordToStr_input+1
;__Lib_Conversions.c,110 :: 		
0x00FE	0x3000      	MOVLW      0
0x00FF	0x0671      	XORWF      R0+1, 0
0x0100	0x1D03      	BTFSS      STATUS, 2
0x0101	0x2904      	GOTO       L__WordToStr379
0x0102	0x3000      	MOVLW      0
0x0103	0x0670      	XORWF      R0, 0
L__WordToStr379:
0x0104	0x1D03      	BTFSS      STATUS, 2
0x0105	0x2907      	GOTO       L_WordToStr16
;__Lib_Conversions.c,111 :: 		
0x0106	0x2909      	GOTO       L_WordToStr15
L_WordToStr16:
;__Lib_Conversions.c,112 :: 		
0x0107	0x03D4      	DECF       WordToStr_len_L0, 1
;__Lib_Conversions.c,113 :: 		
0x0108	0x28DD      	GOTO       L_WordToStr14
L_WordToStr15:
;__Lib_Conversions.c,114 :: 		
L_end_WordToStr:
0x0109	0x0008      	RETURN
; end of _WordToStr
_Lcd_Out:
;__Lib_Lcd.c,184 :: 		
;__Lib_Lcd.c,187 :: 		
0x010A	0x291C      	GOTO       L_Lcd_Out11
;__Lib_Lcd.c,188 :: 		
L_Lcd_Out13:
0x010B	0x3080      	MOVLW      128
0x010C	0x1283      	BCF        STATUS, 5
0x010D	0x1303      	BCF        STATUS, 6
0x010E	0x00D1      	MOVWF      FARG_Lcd_Out_row
0x010F	0x292F      	GOTO       L_Lcd_Out12
;__Lib_Lcd.c,189 :: 		
L_Lcd_Out14:
0x0110	0x30C0      	MOVLW      192
0x0111	0x00D1      	MOVWF      FARG_Lcd_Out_row
0x0112	0x292F      	GOTO       L_Lcd_Out12
;__Lib_Lcd.c,190 :: 		
L_Lcd_Out15:
0x0113	0x3094      	MOVLW      148
0x0114	0x00D1      	MOVWF      FARG_Lcd_Out_row
0x0115	0x292F      	GOTO       L_Lcd_Out12
;__Lib_Lcd.c,191 :: 		
L_Lcd_Out16:
0x0116	0x30D4      	MOVLW      212
0x0117	0x00D1      	MOVWF      FARG_Lcd_Out_row
0x0118	0x292F      	GOTO       L_Lcd_Out12
;__Lib_Lcd.c,192 :: 		
L_Lcd_Out17:
0x0119	0x3080      	MOVLW      128
0x011A	0x00D1      	MOVWF      FARG_Lcd_Out_row
;__Lib_Lcd.c,193 :: 		
0x011B	0x292F      	GOTO       L_Lcd_Out12
L_Lcd_Out11:
0x011C	0x1283      	BCF        STATUS, 5
0x011D	0x1303      	BCF        STATUS, 6
0x011E	0x0851      	MOVF       FARG_Lcd_Out_row, 0
0x011F	0x3A01      	XORLW      1
0x0120	0x1903      	BTFSC      STATUS, 2
0x0121	0x290B      	GOTO       L_Lcd_Out13
0x0122	0x0851      	MOVF       FARG_Lcd_Out_row, 0
0x0123	0x3A02      	XORLW      2
0x0124	0x1903      	BTFSC      STATUS, 2
0x0125	0x2910      	GOTO       L_Lcd_Out14
0x0126	0x0851      	MOVF       FARG_Lcd_Out_row, 0
0x0127	0x3A03      	XORLW      3
0x0128	0x1903      	BTFSC      STATUS, 2
0x0129	0x2913      	GOTO       L_Lcd_Out15
0x012A	0x0851      	MOVF       FARG_Lcd_Out_row, 0
0x012B	0x3A04      	XORLW      4
0x012C	0x1903      	BTFSC      STATUS, 2
0x012D	0x2916      	GOTO       L_Lcd_Out16
0x012E	0x2919      	GOTO       L_Lcd_Out17
L_Lcd_Out12:
;__Lib_Lcd.c,194 :: 		
0x012F	0x0352      	DECF       FARG_Lcd_Out_column, 0
0x0130	0x00F0      	MOVWF      R0
0x0131	0x0851      	MOVF       FARG_Lcd_Out_row, 0
0x0132	0x07F0      	ADDWF      R0, 1
0x0133	0x0870      	MOVF       R0, 0
0x0134	0x00D1      	MOVWF      FARG_Lcd_Out_row
;__Lib_Lcd.c,196 :: 		
0x0135	0x0870      	MOVF       R0, 0
0x0136	0x00D7      	MOVWF      FARG_Lcd_Cmd_out_char
0x0137	0x201A      	CALL       _Lcd_Cmd
;__Lib_Lcd.c,197 :: 		
0x0138	0x103B      	BCF        __Lib_Lcd_cmd_status, BitPos(__Lib_Lcd_cmd_status+0)
;__Lib_Lcd.c,198 :: 		
0x0139	0x01D4      	CLRF       Lcd_Out_i_L0
;__Lib_Lcd.c,199 :: 		
L_Lcd_Out18:
0x013A	0x0854      	MOVF       Lcd_Out_i_L0, 0
0x013B	0x0753      	ADDWF      FARG_Lcd_Out_text, 0
0x013C	0x0084      	MOVWF      FSR
0x013D	0x0800      	MOVF       INDF, 0
0x013E	0x1903      	BTFSC      STATUS, 2
0x013F	0x2948      	GOTO       L_Lcd_Out19
;__Lib_Lcd.c,200 :: 		
0x0140	0x0854      	MOVF       Lcd_Out_i_L0, 0
0x0141	0x0753      	ADDWF      FARG_Lcd_Out_text, 0
0x0142	0x0084      	MOVWF      FSR
0x0143	0x0800      	MOVF       INDF, 0
0x0144	0x00D6      	MOVWF      FARG_Lcd_Chr_CP_out_char
0x0145	0x2085      	CALL       _Lcd_Chr_CP
0x0146	0x0AD4      	INCF       Lcd_Out_i_L0, 1
0x0147	0x293A      	GOTO       L_Lcd_Out18
L_Lcd_Out19:
;__Lib_Lcd.c,201 :: 		
0x0148	0x143B      	BSF        __Lib_Lcd_cmd_status, BitPos(__Lib_Lcd_cmd_status+0)
;__Lib_Lcd.c,202 :: 		
L_end_Lcd_Out:
0x0149	0x0008      	RETURN
; end of _Lcd_Out
_ByteToStr:
;__Lib_Conversions.c,66 :: 		
;__Lib_Conversions.c,69 :: 		
0x014A	0x1283      	BCF        STATUS, 5
0x014B	0x1303      	BCF        STATUS, 6
0x014C	0x01D3      	CLRF       ByteToStr_DigitPos_L0
L_ByteToStr0:
0x014D	0x3003      	MOVLW      3
0x014E	0x0253      	SUBWF      ByteToStr_DigitPos_L0, 0
0x014F	0x1803      	BTFSC      STATUS, 0
0x0150	0x2958      	GOTO       L_ByteToStr1
;__Lib_Conversions.c,70 :: 		
0x0151	0x0853      	MOVF       ByteToStr_DigitPos_L0, 0
0x0152	0x0752      	ADDWF      FARG_ByteToStr_output, 0
0x0153	0x0084      	MOVWF      FSR
0x0154	0x3020      	MOVLW      32
0x0155	0x0080      	MOVWF      INDF
;__Lib_Conversions.c,69 :: 		
0x0156	0x0AD3      	INCF       ByteToStr_DigitPos_L0, 1
;__Lib_Conversions.c,70 :: 		
0x0157	0x294D      	GOTO       L_ByteToStr0
L_ByteToStr1:
;__Lib_Conversions.c,72 :: 		
0x0158	0x0853      	MOVF       ByteToStr_DigitPos_L0, 0
0x0159	0x0752      	ADDWF      FARG_ByteToStr_output, 0
0x015A	0x0084      	MOVWF      FSR
0x015B	0x0180      	CLRF       INDF
0x015C	0x03D3      	DECF       ByteToStr_DigitPos_L0, 1
;__Lib_Conversions.c,74 :: 		
L_ByteToStr3:
;__Lib_Conversions.c,75 :: 		
0x015D	0x0853      	MOVF       ByteToStr_DigitPos_L0, 0
0x015E	0x0752      	ADDWF      FARG_ByteToStr_output, 0
0x015F	0x00D4      	MOVWF      FLOC__ByteToStr
0x0160	0x300A      	MOVLW      10
0x0161	0x00F4      	MOVWF      R4
0x0162	0x0851      	MOVF       FARG_ByteToStr_input, 0
0x0163	0x00F0      	MOVWF      R0
0x0164	0x2095      	CALL       _Div_8X8_U
0x0165	0x0878      	MOVF       R8, 0
0x0166	0x00F0      	MOVWF      R0
0x0167	0x3030      	MOVLW      48
0x0168	0x07F0      	ADDWF      R0, 1
0x0169	0x0854      	MOVF       FLOC__ByteToStr, 0
0x016A	0x0084      	MOVWF      FSR
0x016B	0x0870      	MOVF       R0, 0
0x016C	0x0080      	MOVWF      INDF
;__Lib_Conversions.c,76 :: 		
0x016D	0x300A      	MOVLW      10
0x016E	0x00F4      	MOVWF      R4
0x016F	0x0851      	MOVF       FARG_ByteToStr_input, 0
0x0170	0x00F0      	MOVWF      R0
0x0171	0x2095      	CALL       _Div_8X8_U
0x0172	0x0870      	MOVF       R0, 0
0x0173	0x00D1      	MOVWF      FARG_ByteToStr_input
;__Lib_Conversions.c,77 :: 		
0x0174	0x0870      	MOVF       R0, 0
0x0175	0x3A00      	XORLW      0
0x0176	0x1D03      	BTFSS      STATUS, 2
0x0177	0x2979      	GOTO       L_ByteToStr5
;__Lib_Conversions.c,78 :: 		
0x0178	0x297B      	GOTO       L_ByteToStr4
L_ByteToStr5:
;__Lib_Conversions.c,79 :: 		
0x0179	0x03D3      	DECF       ByteToStr_DigitPos_L0, 1
;__Lib_Conversions.c,80 :: 		
0x017A	0x295D      	GOTO       L_ByteToStr3
L_ByteToStr4:
;__Lib_Conversions.c,81 :: 		
L_end_ByteToStr:
0x017B	0x0008      	RETURN
; end of _ByteToStr
_PWM1_Set_Duty:
;__Lib_PWM_c21.c,39 :: 		
;__Lib_PWM_c21.c,43 :: 		
0x017C	0x1683      	BSF        STATUS, 5
0x017D	0x1303      	BCF        STATUS, 6
0x017E	0x0812      	MOVF       PR2, 0
0x017F	0x3E01      	ADDLW      1
0x0180	0x00F0      	MOVWF      R0
0x0181	0x01F1      	CLRF       R0+1
0x0182	0x1803      	BTFSC      STATUS, 0
0x0183	0x0AF1      	INCF       R0+1, 1
0x0184	0x1283      	BCF        STATUS, 5
0x0185	0x0851      	MOVF       FARG_PWM1_Set_Duty_new_duty, 0
0x0186	0x00F4      	MOVWF      R4
0x0187	0x01F5      	CLRF       R4+1
0x0188	0x205A      	CALL       _Mul_16X16_U
0x0189	0x3006      	MOVLW      6
0x018A	0x00F2      	MOVWF      R2
0x018B	0x0870      	MOVF       R0, 0
0x018C	0x00F4      	MOVWF      R4
0x018D	0x0871      	MOVF       R0+1, 0
0x018E	0x00F5      	MOVWF      R4+1
0x018F	0x0872      	MOVF       R2, 0
L__PWM1_Set_Duty10:
0x0190	0x1903      	BTFSC      STATUS, 2
0x0191	0x2997      	GOTO       L__PWM1_Set_Duty11
0x0192	0x0CF5      	RRF        R4+1, 1
0x0193	0x0CF4      	RRF        R4, 1
0x0194	0x13F5      	BCF        R4+1, 7
0x0195	0x3EFF      	ADDLW      255
0x0196	0x2990      	GOTO       L__PWM1_Set_Duty10
L__PWM1_Set_Duty11:
;__Lib_PWM_c21.c,44 :: 		
0x0197	0x3004      	MOVLW      4
0x0198	0x00F1      	MOVWF      R1
0x0199	0x0874      	MOVF       R4, 0
0x019A	0x00F0      	MOVWF      R0
0x019B	0x0871      	MOVF       R1, 0
L__PWM1_Set_Duty12:
0x019C	0x1903      	BTFSC      STATUS, 2
0x019D	0x29A2      	GOTO       L__PWM1_Set_Duty13
0x019E	0x0DF0      	RLF        R0, 1
0x019F	0x1070      	BCF        R0, 0
0x01A0	0x3EFF      	ADDLW      255
0x01A1	0x299C      	GOTO       L__PWM1_Set_Duty12
L__PWM1_Set_Duty13:
0x01A2	0x3030      	MOVLW      48
0x01A3	0x0570      	ANDWF      R0, 0
0x01A4	0x00F3      	MOVWF      R3
;__Lib_PWM_c21.c,45 :: 		
0x01A5	0x0874      	MOVF       R4, 0
0x01A6	0x00F0      	MOVWF      R0
0x01A7	0x0875      	MOVF       R4+1, 0
0x01A8	0x00F1      	MOVWF      R0+1
0x01A9	0x0CF1      	RRF        R0+1, 1
0x01AA	0x0CF0      	RRF        R0, 1
0x01AB	0x13F1      	BCF        R0+1, 7
0x01AC	0x0CF1      	RRF        R0+1, 1
0x01AD	0x0CF0      	RRF        R0, 1
0x01AE	0x13F1      	BCF        R0+1, 7
0x01AF	0x0870      	MOVF       R0, 0
0x01B0	0x0095      	MOVWF      CCPR1L
;__Lib_PWM_c21.c,46 :: 		
0x01B1	0x300F      	MOVLW      15
0x01B2	0x0597      	ANDWF      CCP1CON, 1
;__Lib_PWM_c21.c,47 :: 		
0x01B3	0x0873      	MOVF       R3, 0
0x01B4	0x0497      	IORWF      CCP1CON, 1
;__Lib_PWM_c21.c,48 :: 		
L_end_PWM1_Set_Duty:
0x01B5	0x0008      	RETURN
; end of _PWM1_Set_Duty
_ADC_Read:
;__Lib_ADC_A_C.c,68 :: 		
;__Lib_ADC_A_C.c,70 :: 		
0x01B6	0x1283      	BCF        STATUS, 5
0x01B7	0x1303      	BCF        STATUS, 6
0x01B8	0x019F      	CLRF       ADCON0
;__Lib_ADC_A_C.c,71 :: 		
0x01B9	0x30C0      	MOVLW      192
0x01BA	0x049F      	IORWF      ADCON0, 1
;__Lib_ADC_A_C.c,72 :: 		
0x01BB	0x0939      	COMF       _vref_mask, 0
0x01BC	0x00F0      	MOVWF      R0
0x01BD	0x0870      	MOVF       R0, 0
0x01BE	0x1683      	BSF        STATUS, 5
0x01BF	0x059F      	ANDWF      ADCON1, 1
;__Lib_ADC_A_C.c,73 :: 		
0x01C0	0x171F      	BSF        ADCON1, 6
;__Lib_ADC_A_C.c,74 :: 		
0x01C1	0x179F      	BSF        ADCON1, 7
;__Lib_ADC_A_C.c,75 :: 		
0x01C2	0x1283      	BCF        STATUS, 5
0x01C3	0x0851      	MOVF       FARG_ADC_Read_channel, 0
0x01C4	0x00F0      	MOVWF      R0
0x01C5	0x0DF0      	RLF        R0, 1
0x01C6	0x1070      	BCF        R0, 0
0x01C7	0x0DF0      	RLF        R0, 1
0x01C8	0x1070      	BCF        R0, 0
0x01C9	0x0DF0      	RLF        R0, 1
0x01CA	0x1070      	BCF        R0, 0
0x01CB	0x0870      	MOVF       R0, 0
0x01CC	0x049F      	IORWF      ADCON0, 1
;__Lib_ADC_A_C.c,78 :: 		
0x01CD	0x141F      	BSF        ADCON0, 0
;__Lib_ADC_A_C.c,81 :: 		
0x01CE	0x208D      	CALL       _Delay_22us
;__Lib_ADC_A_C.c,84 :: 		
0x01CF	0x151F      	BSF        ADCON0, 2
;__Lib_ADC_A_C.c,87 :: 		
L_ADC_Read2:
0x01D0	0x1D1F      	BTFSS      ADCON0, 2
0x01D1	0x29D4      	GOTO       L_ADC_Read3
;__Lib_ADC_A_C.c,88 :: 		
0x01D2	0x0000      	NOP
0x01D3	0x29D0      	GOTO       L_ADC_Read2
L_ADC_Read3:
;__Lib_ADC_A_C.c,91 :: 		
0x01D4	0x101F      	BCF        ADCON0, 0
;__Lib_ADC_A_C.c,94 :: 		
0x01D5	0x081E      	MOVF       ADRESH, 0
0x01D6	0x00F1      	MOVWF      R0+1
0x01D7	0x01F0      	CLRF       R0
0x01D8	0x1683      	BSF        STATUS, 5
0x01D9	0x081E      	MOVF       ADRESL, 0
0x01DA	0x04F0      	IORWF      R0, 1
0x01DB	0x3000      	MOVLW      0
0x01DC	0x04F1      	IORWF      R0+1, 1
;__Lib_ADC_A_C.c,95 :: 		
L_end_ADC_Read:
0x01DD	0x0008      	RETURN
; end of _ADC_Read
_PWM1_Start:
;__Lib_PWM_c21.c,50 :: 		
;__Lib_PWM_c21.c,51 :: 		
0x01DE	0x1683      	BSF        STATUS, 5
0x01DF	0x1303      	BCF        STATUS, 6
0x01E0	0x1107      	BCF        TRISC2_bit, BitPos(TRISC2_bit+0)
;__Lib_PWM_c21.c,52 :: 		
0x01E1	0x1283      	BCF        STATUS, 5
0x01E2	0x1512      	BSF        T2CON, 2
;__Lib_PWM_c21.c,53 :: 		
0x01E3	0x300C      	MOVLW      12
0x01E4	0x0497      	IORWF      CCP1CON, 1
;__Lib_PWM_c21.c,54 :: 		
L_end_PWM1_Start:
0x01E5	0x0008      	RETURN
; end of _PWM1_Start
_Lcd_Init:
;__Lib_Lcd.c,84 :: 		
;__Lib_Lcd.c,86 :: 		
0x01E6	0x1683      	BSF        STATUS, 5
0x01E7	0x1303      	BCF        STATUS, 6
0x01E8	0x1186      	BCF        LCD_EN_Direction, BitPos(LCD_EN_Direction+0)
;__Lib_Lcd.c,87 :: 		
0x01E9	0x1106      	BCF        LCD_RS_Direction, BitPos(LCD_RS_Direction+0)
;__Lib_Lcd.c,88 :: 		
0x01EA	0x1206      	BCF        LCD_D4_Direction, BitPos(LCD_D4_Direction+0)
;__Lib_Lcd.c,89 :: 		
0x01EB	0x1286      	BCF        LCD_D5_Direction, BitPos(LCD_D5_Direction+0)
;__Lib_Lcd.c,90 :: 		
0x01EC	0x1306      	BCF        LCD_D6_Direction, BitPos(LCD_D6_Direction+0)
;__Lib_Lcd.c,91 :: 		
0x01ED	0x1386      	BCF        LCD_D7_Direction, BitPos(LCD_D7_Direction+0)
;__Lib_Lcd.c,93 :: 		
0x01EE	0x1283      	BCF        STATUS, 5
0x01EF	0x1186      	BCF        LCD_EN, BitPos(LCD_EN+0)
;__Lib_Lcd.c,94 :: 		
0x01F0	0x1106      	BCF        LCD_RS, BitPos(LCD_RS+0)
;__Lib_Lcd.c,95 :: 		
0x01F1	0x1386      	BCF        LCD_D7, BitPos(LCD_D7+0)
;__Lib_Lcd.c,96 :: 		
0x01F2	0x1306      	BCF        LCD_D6, BitPos(LCD_D6+0)
;__Lib_Lcd.c,97 :: 		
0x01F3	0x1286      	BCF        LCD_D5, BitPos(LCD_D5+0)
;__Lib_Lcd.c,98 :: 		
0x01F4	0x1206      	BCF        LCD_D4, BitPos(LCD_D4+0)
;__Lib_Lcd.c,100 :: 		
0x01F5	0x200D      	CALL       _Delay_5500us
;__Lib_Lcd.c,101 :: 		
0x01F6	0x200D      	CALL       _Delay_5500us
;__Lib_Lcd.c,102 :: 		
0x01F7	0x200D      	CALL       _Delay_5500us
;__Lib_Lcd.c,105 :: 		
0x01F8	0x1686      	BSF        LCD_D5, BitPos(LCD_D5+0)
;__Lib_Lcd.c,106 :: 		
0x01F9	0x1606      	BSF        LCD_D4, BitPos(LCD_D4+0)
;__Lib_Lcd.c,107 :: 		
0x01FA	0x1586      	BSF        LCD_EN, BitPos(LCD_EN+0)
;__Lib_Lcd.c,108 :: 		
0x01FB	0x200A      	CALL       _Delay_1us
;__Lib_Lcd.c,109 :: 		
0x01FC	0x1186      	BCF        LCD_EN, BitPos(LCD_EN+0)
;__Lib_Lcd.c,110 :: 		
0x01FD	0x200D      	CALL       _Delay_5500us
;__Lib_Lcd.c,112 :: 		
0x01FE	0x1586      	BSF        LCD_EN, BitPos(LCD_EN+0)
;__Lib_Lcd.c,113 :: 		
0x01FF	0x200A      	CALL       _Delay_1us
;__Lib_Lcd.c,114 :: 		
0x0200	0x1186      	BCF        LCD_EN, BitPos(LCD_EN+0)
;__Lib_Lcd.c,115 :: 		
0x0201	0x200D      	CALL       _Delay_5500us
;__Lib_Lcd.c,117 :: 		
0x0202	0x1586      	BSF        LCD_EN, BitPos(LCD_EN+0)
;__Lib_Lcd.c,118 :: 		
0x0203	0x200A      	CALL       _Delay_1us
;__Lib_Lcd.c,119 :: 		
0x0204	0x1186      	BCF        LCD_EN, BitPos(LCD_EN+0)
;__Lib_Lcd.c,120 :: 		
0x0205	0x200D      	CALL       _Delay_5500us
;__Lib_Lcd.c,123 :: 		
0x0206	0x1206      	BCF        LCD_D4, BitPos(LCD_D4+0)
;__Lib_Lcd.c,124 :: 		
0x0207	0x1586      	BSF        LCD_EN, BitPos(LCD_EN+0)
;__Lib_Lcd.c,125 :: 		
0x0208	0x200A      	CALL       _Delay_1us
;__Lib_Lcd.c,126 :: 		
0x0209	0x1186      	BCF        LCD_EN, BitPos(LCD_EN+0)
;__Lib_Lcd.c,127 :: 		
0x020A	0x200D      	CALL       _Delay_5500us
;__Lib_Lcd.c,130 :: 		
0x020B	0x1586      	BSF        LCD_EN, BitPos(LCD_EN+0)
;__Lib_Lcd.c,131 :: 		
0x020C	0x200A      	CALL       _Delay_1us
;__Lib_Lcd.c,132 :: 		
0x020D	0x1186      	BCF        LCD_EN, BitPos(LCD_EN+0)
;__Lib_Lcd.c,134 :: 		
0x020E	0x1286      	BCF        LCD_D5, BitPos(LCD_D5+0)
;__Lib_Lcd.c,135 :: 		
0x020F	0x1786      	BSF        LCD_D7, BitPos(LCD_D7+0)
;__Lib_Lcd.c,136 :: 		
0x0210	0x1586      	BSF        LCD_EN, BitPos(LCD_EN+0)
;__Lib_Lcd.c,137 :: 		
0x0211	0x200A      	CALL       _Delay_1us
;__Lib_Lcd.c,138 :: 		
0x0212	0x1186      	BCF        LCD_EN, BitPos(LCD_EN+0)
;__Lib_Lcd.c,139 :: 		
0x0213	0x200D      	CALL       _Delay_5500us
;__Lib_Lcd.c,142 :: 		
0x0214	0x1386      	BCF        LCD_D7, BitPos(LCD_D7+0)
;__Lib_Lcd.c,143 :: 		
0x0215	0x1606      	BSF        LCD_D4, BitPos(LCD_D4+0)
;__Lib_Lcd.c,144 :: 		
0x0216	0x1586      	BSF        LCD_EN, BitPos(LCD_EN+0)
;__Lib_Lcd.c,145 :: 		
0x0217	0x200A      	CALL       _Delay_1us
;__Lib_Lcd.c,146 :: 		
0x0218	0x1186      	BCF        LCD_EN, BitPos(LCD_EN+0)
;__Lib_Lcd.c,148 :: 		
0x0219	0x1206      	BCF        LCD_D4, BitPos(LCD_D4+0)
;__Lib_Lcd.c,149 :: 		
0x021A	0x1586      	BSF        LCD_EN, BitPos(LCD_EN+0)
;__Lib_Lcd.c,150 :: 		
0x021B	0x200A      	CALL       _Delay_1us
;__Lib_Lcd.c,151 :: 		
0x021C	0x1186      	BCF        LCD_EN, BitPos(LCD_EN+0)
;__Lib_Lcd.c,152 :: 		
0x021D	0x200D      	CALL       _Delay_5500us
;__Lib_Lcd.c,155 :: 		
0x021E	0x1586      	BSF        LCD_EN, BitPos(LCD_EN+0)
;__Lib_Lcd.c,156 :: 		
0x021F	0x200A      	CALL       _Delay_1us
;__Lib_Lcd.c,157 :: 		
0x0220	0x1186      	BCF        LCD_EN, BitPos(LCD_EN+0)
;__Lib_Lcd.c,159 :: 		
0x0221	0x1606      	BSF        LCD_D4, BitPos(LCD_D4+0)
;__Lib_Lcd.c,160 :: 		
0x0222	0x1586      	BSF        LCD_EN, BitPos(LCD_EN+0)
;__Lib_Lcd.c,161 :: 		
0x0223	0x200A      	CALL       _Delay_1us
;__Lib_Lcd.c,162 :: 		
0x0224	0x1186      	BCF        LCD_EN, BitPos(LCD_EN+0)
;__Lib_Lcd.c,163 :: 		
0x0225	0x200D      	CALL       _Delay_5500us
;__Lib_Lcd.c,166 :: 		
0x0226	0x1206      	BCF        LCD_D4, BitPos(LCD_D4+0)
;__Lib_Lcd.c,167 :: 		
0x0227	0x1586      	BSF        LCD_EN, BitPos(LCD_EN+0)
;__Lib_Lcd.c,168 :: 		
0x0228	0x200A      	CALL       _Delay_1us
;__Lib_Lcd.c,169 :: 		
0x0229	0x1186      	BCF        LCD_EN, BitPos(LCD_EN+0)
;__Lib_Lcd.c,171 :: 		
0x022A	0x1786      	BSF        LCD_D7, BitPos(LCD_D7+0)
;__Lib_Lcd.c,172 :: 		
0x022B	0x1706      	BSF        LCD_D6, BitPos(LCD_D6+0)
;__Lib_Lcd.c,173 :: 		
0x022C	0x1686      	BSF        LCD_D5, BitPos(LCD_D5+0)
;__Lib_Lcd.c,174 :: 		
0x022D	0x1606      	BSF        LCD_D4, BitPos(LCD_D4+0)
;__Lib_Lcd.c,175 :: 		
0x022E	0x1586      	BSF        LCD_EN, BitPos(LCD_EN+0)
;__Lib_Lcd.c,176 :: 		
0x022F	0x200A      	CALL       _Delay_1us
;__Lib_Lcd.c,177 :: 		
0x0230	0x1186      	BCF        LCD_EN, BitPos(LCD_EN+0)
;__Lib_Lcd.c,179 :: 		
0x0231	0x200D      	CALL       _Delay_5500us
;__Lib_Lcd.c,181 :: 		
0x0232	0x143B      	BSF        __Lib_Lcd_cmd_status, BitPos(__Lib_Lcd_cmd_status+0)
;__Lib_Lcd.c,182 :: 		
L_end_Lcd_Init:
0x0233	0x0008      	RETURN
; end of _Lcd_Init
_get_adc_set_duty_cycle:
;ADCvalue_DutyCycle_goster.c,17 :: 		void get_adc_set_duty_cycle()
;ADCvalue_DutyCycle_goster.c,19 :: 		adc_value = ADC_Read(0); // AN0 analog deðeri oku
0x0234	0x1283      	BCF        STATUS, 5
0x0235	0x1303      	BCF        STATUS, 6
0x0236	0x01D1      	CLRF       FARG_ADC_Read_channel
0x0237	0x21B6      	CALL       _ADC_Read
0x0238	0x0870      	MOVF       R0, 0
0x0239	0x1283      	BCF        STATUS, 5
0x023A	0x00BF      	MOVWF      _adc_value
0x023B	0x0871      	MOVF       R0+1, 0
0x023C	0x00C0      	MOVWF      _adc_value+1
;ADCvalue_DutyCycle_goster.c,20 :: 		duty_cycle = adc_value / 4;
0x023D	0x0870      	MOVF       R0, 0
0x023E	0x00F2      	MOVWF      R2
0x023F	0x0871      	MOVF       R0+1, 0
0x0240	0x00F3      	MOVWF      R2+1
0x0241	0x0CF3      	RRF        R2+1, 1
0x0242	0x0CF2      	RRF        R2, 1
0x0243	0x13F3      	BCF        R2+1, 7
0x0244	0x0CF3      	RRF        R2+1, 1
0x0245	0x0CF2      	RRF        R2, 1
0x0246	0x13F3      	BCF        R2+1, 7
0x0247	0x0872      	MOVF       R2, 0
0x0248	0x00BA      	MOVWF      _duty_cycle
;ADCvalue_DutyCycle_goster.c,21 :: 		wordtostr(adc_value,adc_value_txt);
0x0249	0x0870      	MOVF       R0, 0
0x024A	0x00D1      	MOVWF      FARG_WordToStr_input
0x024B	0x0871      	MOVF       R0+1, 0
0x024C	0x00D2      	MOVWF      FARG_WordToStr_input+1
0x024D	0x3047      	MOVLW      _adc_value_txt
0x024E	0x00D3      	MOVWF      FARG_WordToStr_output
0x024F	0x20CA      	CALL       _WordToStr
;ADCvalue_DutyCycle_goster.c,22 :: 		bytetostr(duty_cycle,duty_cycle_txt);
0x0250	0x083A      	MOVF       _duty_cycle, 0
0x0251	0x00D1      	MOVWF      FARG_ByteToStr_input
0x0252	0x3043      	MOVLW      _duty_cycle_txt
0x0253	0x00D2      	MOVWF      FARG_ByteToStr_output
0x0254	0x214A      	CALL       _ByteToStr
;ADCvalue_DutyCycle_goster.c,23 :: 		Lcd_Out(1,1,"ADC VALUE: "); Lcd_Out(1,12,adc_value_txt);
0x0255	0x3001      	MOVLW      1
0x0256	0x00D1      	MOVWF      FARG_Lcd_Out_row
0x0257	0x3001      	MOVLW      1
0x0258	0x00D2      	MOVWF      FARG_Lcd_Out_column
0x0259	0x302D      	MOVLW      ?lstr1_ADCvalue_DutyCycle_goster
0x025A	0x00D3      	MOVWF      FARG_Lcd_Out_text
0x025B	0x210A      	CALL       _Lcd_Out
0x025C	0x3001      	MOVLW      1
0x025D	0x00D1      	MOVWF      FARG_Lcd_Out_row
0x025E	0x300C      	MOVLW      12
0x025F	0x00D2      	MOVWF      FARG_Lcd_Out_column
0x0260	0x3047      	MOVLW      _adc_value_txt
0x0261	0x00D3      	MOVWF      FARG_Lcd_Out_text
0x0262	0x210A      	CALL       _Lcd_Out
;ADCvalue_DutyCycle_goster.c,24 :: 		Lcd_Out(2,1,"Duty Cycle: "); Lcd_Out(2,13,duty_cycle_txt);
0x0263	0x3002      	MOVLW      2
0x0264	0x00D1      	MOVWF      FARG_Lcd_Out_row
0x0265	0x3001      	MOVLW      1
0x0266	0x00D2      	MOVWF      FARG_Lcd_Out_column
0x0267	0x3020      	MOVLW      ?lstr2_ADCvalue_DutyCycle_goster
0x0268	0x00D3      	MOVWF      FARG_Lcd_Out_text
0x0269	0x210A      	CALL       _Lcd_Out
0x026A	0x3002      	MOVLW      2
0x026B	0x00D1      	MOVWF      FARG_Lcd_Out_row
0x026C	0x300D      	MOVLW      13
0x026D	0x00D2      	MOVWF      FARG_Lcd_Out_column
0x026E	0x3043      	MOVLW      _duty_cycle_txt
0x026F	0x00D3      	MOVWF      FARG_Lcd_Out_text
0x0270	0x210A      	CALL       _Lcd_Out
;ADCvalue_DutyCycle_goster.c,25 :: 		PWM1_Set_Duty(duty_cycle); // duty cycle set edildi
0x0271	0x083A      	MOVF       _duty_cycle, 0
0x0272	0x00D1      	MOVWF      FARG_PWM1_Set_Duty_new_duty
0x0273	0x217C      	CALL       _PWM1_Set_Duty
;ADCvalue_DutyCycle_goster.c,26 :: 		delay_ms(100);
0x0274	0x3002      	MOVLW      2
0x0275	0x00FB      	MOVWF      R11
0x0276	0x3004      	MOVLW      4
0x0277	0x00FC      	MOVWF      R12
0x0278	0x30BA      	MOVLW      186
0x0279	0x00FD      	MOVWF      R13
L_get_adc_set_duty_cycle0:
0x027A	0x0BFD      	DECFSZ     R13, 1
0x027B	0x2A7A      	GOTO       L_get_adc_set_duty_cycle0
0x027C	0x0BFC      	DECFSZ     R12, 1
0x027D	0x2A7A      	GOTO       L_get_adc_set_duty_cycle0
0x027E	0x0BFB      	DECFSZ     R11, 1
0x027F	0x2A7A      	GOTO       L_get_adc_set_duty_cycle0
0x0280	0x0000      	NOP
;ADCvalue_DutyCycle_goster.c,27 :: 		}
L_end_get_adc_set_duty_cycle:
0x0281	0x0008      	RETURN
; end of _get_adc_set_duty_cycle
_ADC_Init:
;__Lib_ADC_A_C.c,19 :: 		
;__Lib_ADC_A_C.c,20 :: 		
0x0282	0x30FF      	MOVLW      _ADC_Get_Sample
0x0283	0x1283      	BCF        STATUS, 5
0x0284	0x1303      	BCF        STATUS, 6
0x0285	0x00BC      	MOVWF      _ADC_Get_Sample_Ptr
0x0286	0x30FF      	MOVLW      hi_addr(_ADC_Get_Sample)
0x0287	0x00BD      	MOVWF      _ADC_Get_Sample_Ptr+1
0x0288	0x30FF      	MOVLW      FARG_ADC_Get_Sample_channel
0x0289	0x00BE      	MOVWF      _ADC_Get_Sample_Ptr+2
0x028A	0x30FF      	MOVLW      hi_addr(FARG_ADC_Get_Sample_channel)
;__Lib_ADC_A_C.c,22 :: 		
0x028B	0x019F      	CLRF       ADCON0
;__Lib_ADC_A_C.c,23 :: 		
0x028C	0x30C0      	MOVLW      192
0x028D	0x049F      	IORWF      ADCON0, 1
;__Lib_ADC_A_C.c,24 :: 		
0x028E	0x0939      	COMF       _vref_mask, 0
0x028F	0x00F0      	MOVWF      R0
0x0290	0x0870      	MOVF       R0, 0
0x0291	0x1683      	BSF        STATUS, 5
0x0292	0x059F      	ANDWF      ADCON1, 1
;__Lib_ADC_A_C.c,25 :: 		
0x0293	0x171F      	BSF        ADCON1, 6
;__Lib_ADC_A_C.c,26 :: 		
0x0294	0x179F      	BSF        ADCON1, 7
;__Lib_ADC_A_C.c,29 :: 		
0x0295	0x1283      	BCF        STATUS, 5
0x0296	0x141F      	BSF        ADCON0, 0
;__Lib_ADC_A_C.c,30 :: 		
L_end_ADC_Init:
0x0297	0x0008      	RETURN
; end of _ADC_Init
___CC2DW:
;__Lib_System.c,134 :: 		
;__Lib_System.c,137 :: 		
_CC2D_Loop1:
;__Lib_System.c,139 :: 		
0x0298	0x20C3      	CALL       _____DoICP
0x0299	0x118A      	BCF        PCLATH, 3
0x029A	0x120A      	BCF        PCLATH, 4
;__Lib_System.c,141 :: 		
0x029B	0x0080      	MOVWF      INDF
;__Lib_System.c,142 :: 		
0x029C	0x0A84      	INCF       FSR, 1
;__Lib_System.c,143 :: 		
0x029D	0x0AC1      	INCF       ___DoICPAddr, 1
;__Lib_System.c,145 :: 		
0x029E	0x1903      	BTFSC      STATUS, 2
;__Lib_System.c,146 :: 		
0x029F	0x0AC2      	INCF       ___DoICPAddr+1, 1
;__Lib_System.c,147 :: 		
0x02A0	0x03F0      	DECF       R0, 1
;__Lib_System.c,149 :: 		
0x02A1	0x1D03      	BTFSS      STATUS, 2
;__Lib_System.c,150 :: 		
0x02A2	0x2A98      	GOTO       _CC2D_Loop1
;__Lib_System.c,152 :: 		
L_end___CC2DW:
0x02A3	0x0008      	RETURN
; end of ___CC2DW
_main:
0x02A4	0x22E0      	CALL       736
;ADCvalue_DutyCycle_goster.c,28 :: 		void main()
;ADCvalue_DutyCycle_goster.c,30 :: 		ADC_Init();
0x02A5	0x2282      	CALL       _ADC_Init
;ADCvalue_DutyCycle_goster.c,31 :: 		ADCON1 = 0b00001110; TRISA.B0 = 1;
0x02A6	0x300E      	MOVLW      14
0x02A7	0x1683      	BSF        STATUS, 5
0x02A8	0x009F      	MOVWF      ADCON1
0x02A9	0x1405      	BSF        TRISA, 0
;ADCvalue_DutyCycle_goster.c,32 :: 		Lcd_Init();
0x02AA	0x21E6      	CALL       _Lcd_Init
;ADCvalue_DutyCycle_goster.c,33 :: 		Lcd_Cmd(_LCD_CLEAR);
0x02AB	0x3001      	MOVLW      1
0x02AC	0x00D7      	MOVWF      FARG_Lcd_Cmd_out_char
0x02AD	0x201A      	CALL       _Lcd_Cmd
;ADCvalue_DutyCycle_goster.c,34 :: 		Lcd_Cmd(_LCD_CURSOR_OFF);
0x02AE	0x300C      	MOVLW      12
0x02AF	0x00D7      	MOVWF      FARG_Lcd_Cmd_out_char
0x02B0	0x201A      	CALL       _Lcd_Cmd
;ADCvalue_DutyCycle_goster.c,36 :: 		trisc.b2 = 0; //C2 PWM
0x02B1	0x1683      	BSF        STATUS, 5
0x02B2	0x1107      	BCF        TRISC, 2
;ADCvalue_DutyCycle_goster.c,37 :: 		PR2 = 124; //load period register with 124 to get 500Hz Frequency
0x02B3	0x307C      	MOVLW      124
0x02B4	0x0092      	MOVWF      PR2
;ADCvalue_DutyCycle_goster.c,39 :: 		T2CKPS1_bit = 1;
0x02B5	0x1283      	BCF        STATUS, 5
0x02B6	0x1492      	BSF        T2CKPS1_bit, BitPos(T2CKPS1_bit+0)
;ADCvalue_DutyCycle_goster.c,40 :: 		T2CKPS0_bit = 1;
0x02B7	0x1412      	BSF        T2CKPS0_bit, BitPos(T2CKPS0_bit+0)
;ADCvalue_DutyCycle_goster.c,41 :: 		PWM1_Set_Duty(duty_cycle); // duty cycle set edildi
0x02B8	0x083A      	MOVF       _duty_cycle, 0
0x02B9	0x00D1      	MOVWF      FARG_PWM1_Set_Duty_new_duty
0x02BA	0x217C      	CALL       _PWM1_Set_Duty
;ADCvalue_DutyCycle_goster.c,42 :: 		PWM1_Start(); // PWM1 baþlatýldý
0x02BB	0x21DE      	CALL       _PWM1_Start
;ADCvalue_DutyCycle_goster.c,43 :: 		while(1)
L_main1:
;ADCvalue_DutyCycle_goster.c,45 :: 		get_adc_set_duty_cycle();
0x02BC	0x2234      	CALL       _get_adc_set_duty_cycle
;ADCvalue_DutyCycle_goster.c,46 :: 		}
0x02BD	0x2ABC      	GOTO       L_main1
;ADCvalue_DutyCycle_goster.c,47 :: 		}
L_end_main:
0x02BE	0x2ABE      	GOTO       $+0
; end of _main
0x02E0	0x3020      	MOVLW      32
0x02E1	0x0084      	MOVWF      FSR
0x02E2	0x301B      	MOVLW      27
0x02E3	0x1283      	BCF        STATUS, 5
0x02E4	0x1303      	BCF        STATUS, 6
0x02E5	0x00F0      	MOVWF      R0
0x02E6	0x30C4      	MOVLW      196
0x02E7	0x00C1      	MOVWF      ___DoICPAddr
0x02E8	0x3002      	MOVLW      2
0x02E9	0x00C2      	MOVWF      66
0x02EA	0x2298      	CALL       664
0x02EB	0x0008      	RETURN
;ADCvalue_DutyCycle_goster.c,0 :: ?ICS?lstr2_ADCvalue_DutyCycle_goster
0x02C4	0x3444 ;?ICS?lstr2_ADCvalue_DutyCycle_goster+0
0x02C5	0x3475 ;?ICS?lstr2_ADCvalue_DutyCycle_goster+1
0x02C6	0x3474 ;?ICS?lstr2_ADCvalue_DutyCycle_goster+2
0x02C7	0x3479 ;?ICS?lstr2_ADCvalue_DutyCycle_goster+3
0x02C8	0x3420 ;?ICS?lstr2_ADCvalue_DutyCycle_goster+4
0x02C9	0x3443 ;?ICS?lstr2_ADCvalue_DutyCycle_goster+5
0x02CA	0x3479 ;?ICS?lstr2_ADCvalue_DutyCycle_goster+6
0x02CB	0x3463 ;?ICS?lstr2_ADCvalue_DutyCycle_goster+7
0x02CC	0x346C ;?ICS?lstr2_ADCvalue_DutyCycle_goster+8
0x02CD	0x3465 ;?ICS?lstr2_ADCvalue_DutyCycle_goster+9
0x02CE	0x343A ;?ICS?lstr2_ADCvalue_DutyCycle_goster+10
0x02CF	0x3420 ;?ICS?lstr2_ADCvalue_DutyCycle_goster+11
0x02D0	0x3400 ;?ICS?lstr2_ADCvalue_DutyCycle_goster+12
; end of ?ICS?lstr2_ADCvalue_DutyCycle_goster
;ADCvalue_DutyCycle_goster.c,0 :: ?ICS?lstr1_ADCvalue_DutyCycle_goster
0x02D1	0x3441 ;?ICS?lstr1_ADCvalue_DutyCycle_goster+0
0x02D2	0x3444 ;?ICS?lstr1_ADCvalue_DutyCycle_goster+1
0x02D3	0x3443 ;?ICS?lstr1_ADCvalue_DutyCycle_goster+2
0x02D4	0x3420 ;?ICS?lstr1_ADCvalue_DutyCycle_goster+3
0x02D5	0x3456 ;?ICS?lstr1_ADCvalue_DutyCycle_goster+4
0x02D6	0x3441 ;?ICS?lstr1_ADCvalue_DutyCycle_goster+5
0x02D7	0x344C ;?ICS?lstr1_ADCvalue_DutyCycle_goster+6
0x02D8	0x3455 ;?ICS?lstr1_ADCvalue_DutyCycle_goster+7
0x02D9	0x3445 ;?ICS?lstr1_ADCvalue_DutyCycle_goster+8
0x02DA	0x343A ;?ICS?lstr1_ADCvalue_DutyCycle_goster+9
0x02DB	0x3420 ;?ICS?lstr1_ADCvalue_DutyCycle_goster+10
0x02DC	0x3400 ;?ICS?lstr1_ADCvalue_DutyCycle_goster+11
; end of ?ICS?lstr1_ADCvalue_DutyCycle_goster
;__Lib_ADC_A_C.c,0 :: ?ICS_vref_mask
0x02DD	0x340F ;?ICS_vref_mask+0
; end of ?ICS_vref_mask
;ADCvalue_DutyCycle_goster.c,0 :: ?ICS_duty_cycle
0x02DE	0x3400 ;?ICS_duty_cycle+0
; end of ?ICS_duty_cycle
Symbol List:
//** Routines locations **
//ADDRESS    SIZE    PROCEDURE
//----------------------------------------------
0x0003       [7]    _Delay_50us
0x000A       [3]    _Delay_1us
0x000D      [13]    _Delay_5500us
0x001A      [64]    _Lcd_Cmd
0x005A      [43]    _Mul_16X16_U
0x0085       [8]    _Lcd_Chr_CP
0x008D       [8]    _Delay_22us
0x0095      [17]    _Div_8X8_U
0x00A6      [29]    _Div_16X16_U
0x00C3       [7]    _____DoICP
0x00CA      [64]    _WordToStr
0x010A      [64]    _Lcd_Out
0x014A      [50]    _ByteToStr
0x017C      [58]    _PWM1_Set_Duty
0x01B6      [40]    _ADC_Read
0x01DE       [8]    _PWM1_Start
0x01E6      [78]    _Lcd_Init
0x0234      [78]    _get_adc_set_duty_cycle
0x0282      [22]    _ADC_Init
0x0298      [12]    ___CC2DW
0x02A4      [26]    _main
//** Variables locations ** 
//ADDRESS    SIZE    VARIABLE
//----------------------------------------------
0x0000       [1]    INDF
0x0002       [1]    PCL
0x0003       [1]    STATUS
0x0004       [1]    FSR
0x0006       [0]    RB4_bit
0x0006       [0]    RB3_bit
0x0006       [0]    RB7_bit
0x0006       [0]    RB6_bit
0x0006       [0]    RB5_bit
0x0006       [0]    LCD_D7
0x0006       [0]    LCD_D6
0x0006       [0]    LCD_D5
0x0006       [0]    LCD_D4
0x0006       [0]    RB2_bit
0x0006       [0]    LCD_RS
0x0006       [0]    LCD_EN
0x000A       [1]    PCLATH
0x0012       [1]    T2CON
0x0012       [0]    T2CKPS0_bit
0x0012       [0]    T2CKPS1_bit
0x0015       [1]    CCPR1L
0x0017       [1]    CCP1CON
0x001E       [1]    ADRESH
0x001F       [1]    ADCON0
0x0020      [13]    ?lstr2_ADCvalue_DutyCycle_goster
0x002D      [12]    ?lstr1_ADCvalue_DutyCycle_goster
0x0039       [1]    _vref_mask
0x003A       [1]    _duty_cycle
0x003B       [0]    __Lib_Lcd_cmd_status
0x003C       [3]    _ADC_Get_Sample_Ptr
0x003F       [2]    _adc_value
0x0041       [2]    ___DoICPAddr
0x0043       [4]    _duty_cycle_txt
0x0047      [10]    _adc_value_txt
0x0051       [1]    FARG_Lcd_Out_row
0x0051       [1]    FARG_PWM1_Set_Duty_new_duty
0x0051       [2]    FARG_WordToStr_input
0x0051       [1]    FARG_ADC_Read_channel
0x0051       [1]    FARG_ByteToStr_input
0x0052       [1]    FARG_ByteToStr_output
0x0052       [1]    FARG_Lcd_Out_column
0x0053       [1]    FARG_WordToStr_output
0x0053       [1]    ByteToStr_DigitPos_L0
0x0053       [1]    FARG_Lcd_Out_text
0x0054       [1]    WordToStr_len_L0
0x0054       [1]    FLOC__ByteToStr
0x0054       [1]    Lcd_Out_i_L0
0x0055       [1]    FLOC__WordToStr
0x0056       [1]    FARG_Lcd_Chr_CP_out_char
0x0057       [1]    FARG_Lcd_Cmd_out_char
0x0070       [1]    R0
0x0071       [1]    R1
0x0072       [1]    R2
0x0073       [1]    R3
0x0074       [1]    R4
0x0075       [1]    R5
0x0076       [1]    R6
0x0077       [1]    R7
0x0078       [1]    R8
0x0079       [1]    R9
0x007A       [1]    R10
0x007B       [1]    R11
0x007C       [1]    R12
0x007D       [1]    R13
0x007E       [1]    R14
0x007F       [1]    R15
0x0085       [1]    TRISA
0x0086       [0]    TRISB2_bit
0x0086       [0]    LCD_D5_Direction
0x0086       [0]    TRISB3_bit
0x0086       [0]    LCD_D4_Direction
0x0086       [0]    LCD_RS_Direction
0x0086       [0]    LCD_EN_Direction
0x0086       [0]    LCD_D6_Direction
0x0086       [0]    TRISB5_bit
0x0086       [0]    TRISB6_bit
0x0086       [0]    TRISB7_bit
0x0086       [0]    TRISB4_bit
0x0086       [0]    LCD_D7_Direction
0x0087       [0]    TRISC2_bit
0x0087       [1]    TRISC
0x0092       [1]    PR2
0x009E       [1]    ADRESL
0x009F       [1]    ADCON1
//** Constants locations ** 
//ADDRESS    SIZE    CONSTANT
//----------------------------------------------
0x02C4      [13]    ?ICS?lstr2_ADCvalue_DutyCycle_goster
0x02D1      [12]    ?ICS?lstr1_ADCvalue_DutyCycle_goster
0x02DD       [1]    ?ICS_vref_mask
0x02DE       [1]    ?ICS_duty_cycle
