;  LST file generated by mikroListExporter - v.2.0 
; Date/Time: 22.06.2021 10:00:18
;----------------------------------------------

;Address Opcode 	ASM
0x0000	0x284E      	GOTO       78
_Interrupt:
0x0004	0x00FF      	MOVWF      R15
0x0005	0x0E03      	SWAPF      STATUS, 0
0x0006	0x0183      	CLRF       STATUS
0x0007	0x00A5      	MOVWF      ___saveSTATUS
0x0008	0x080A      	MOVF       PCLATH, 0
0x0009	0x00A6      	MOVWF      ___savePCLATH
0x000A	0x018A      	CLRF       PCLATH
0x000B	0x0870      	MOVF       R0, 0
0x000C	0x00A0      	MOVWF      32
;Zamanlayici_ile_LED_yakma.c,33 :: 		void Interrupt()
;Zamanlayici_ile_LED_yakma.c,35 :: 		if(INTCON.TMR0IF == 1) //Time 0 kaydedicisi 255 deðerine vardýðý zaman
0x000D	0x1D0B      	BTFSS      INTCON, 2
0x000E	0x2824      	GOTO       L_Interrupt0
;Zamanlayici_ile_LED_yakma.c,37 :: 		INTCON.TMR0IF = 0; //reset timer0 interrupt flag
0x000F	0x110B      	BCF        INTCON, 2
;Zamanlayici_ile_LED_yakma.c,38 :: 		TMR0 = 99; //Timer0 tekrar 99 deðeri ile beslenmesi gerekmektedir
0x0010	0x3063      	MOVLW      99
0x0011	0x0081      	MOVWF      TMR0
;Zamanlayici_ile_LED_yakma.c,40 :: 		portb.b0 = ~portb.b0; // led
0x0012	0x3001      	MOVLW      1
0x0013	0x0686      	XORWF      PORTB, 1
;Zamanlayici_ile_LED_yakma.c,42 :: 		counter++; // 1 second
0x0014	0x0AA1      	INCF       _counter, 1
;Zamanlayici_ile_LED_yakma.c,43 :: 		counter2++; // 2 seconds
0x0015	0x0AA2      	INCF       _counter2, 1
;Zamanlayici_ile_LED_yakma.c,44 :: 		if(counter == 100)
0x0016	0x0821      	MOVF       _counter, 0
0x0017	0x3A64      	XORLW      100
0x0018	0x1D03      	BTFSS      STATUS, 2
0x0019	0x281D      	GOTO       L_Interrupt1
;Zamanlayici_ile_LED_yakma.c,46 :: 		counter=0;
0x001A	0x01A1      	CLRF       _counter
;Zamanlayici_ile_LED_yakma.c,47 :: 		portb.b0 = ~portb.b0; // led
0x001B	0x3001      	MOVLW      1
0x001C	0x0686      	XORWF      PORTB, 1
;Zamanlayici_ile_LED_yakma.c,48 :: 		}
L_Interrupt1:
;Zamanlayici_ile_LED_yakma.c,49 :: 		if(counter2 == 200) // 2 saniye için
0x001D	0x0822      	MOVF       _counter2, 0
0x001E	0x3AC8      	XORLW      200
0x001F	0x1D03      	BTFSS      STATUS, 2
0x0020	0x2824      	GOTO       L_Interrupt2
;Zamanlayici_ile_LED_yakma.c,51 :: 		counter2=0;
0x0021	0x01A2      	CLRF       _counter2
;Zamanlayici_ile_LED_yakma.c,52 :: 		portb.b1 = ~portb.b1; // led
0x0022	0x3002      	MOVLW      2
0x0023	0x0686      	XORWF      PORTB, 1
;Zamanlayici_ile_LED_yakma.c,53 :: 		}// Ek
L_Interrupt2:
;Zamanlayici_ile_LED_yakma.c,54 :: 		}
L_Interrupt0:
;Zamanlayici_ile_LED_yakma.c,55 :: 		}
L_end_Interrupt:
L__Interrupt9:
0x0024	0x0820      	MOVF       32, 0
0x0025	0x00F0      	MOVWF      R0
0x0026	0x0826      	MOVF       ___savePCLATH, 0
0x0027	0x008A      	MOVWF      PCLATH
0x0028	0x0E25      	SWAPF      ___saveSTATUS, 0
0x0029	0x0083      	MOVWF      STATUS
0x002A	0x0EFF      	SWAPF      R15, 1
0x002B	0x0E7F      	SWAPF      R15, 0
0x002C	0x0009      	RETFIE
; end of _Interrupt
_____DoICP:
;__Lib_System.c,6 :: 		
;__Lib_System.c,9 :: 		
0x002D	0x1283      	BCF        STATUS, 5
0x002E	0x1303      	BCF        STATUS, 6
0x002F	0x0824      	MOVF       ___DoICPAddr+1, 0
0x0030	0x008A      	MOVWF      PCLATH
;__Lib_System.c,10 :: 		
0x0031	0x0823      	MOVF       ___DoICPAddr, 0
0x0032	0x0082      	MOVWF      PCL
;__Lib_System.c,12 :: 		
L_end_____DoICP:
0x0033	0x0008      	RETURN
; end of _____DoICP
___CC2DW:
;__Lib_System.c,134 :: 		
;__Lib_System.c,137 :: 		
_CC2D_Loop1:
;__Lib_System.c,139 :: 		
0x0034	0x202D      	CALL       _____DoICP
0x0035	0x118A      	BCF        PCLATH, 3
0x0036	0x120A      	BCF        PCLATH, 4
;__Lib_System.c,141 :: 		
0x0037	0x0080      	MOVWF      INDF
;__Lib_System.c,142 :: 		
0x0038	0x0A84      	INCF       FSR, 1
;__Lib_System.c,143 :: 		
0x0039	0x0AA3      	INCF       ___DoICPAddr, 1
;__Lib_System.c,145 :: 		
0x003A	0x1903      	BTFSC      STATUS, 2
;__Lib_System.c,146 :: 		
0x003B	0x0AA4      	INCF       ___DoICPAddr+1, 1
;__Lib_System.c,147 :: 		
0x003C	0x03F0      	DECF       R0, 1
;__Lib_System.c,149 :: 		
0x003D	0x1D03      	BTFSS      STATUS, 2
;__Lib_System.c,150 :: 		
0x003E	0x2834      	GOTO       _CC2D_Loop1
;__Lib_System.c,152 :: 		
L_end___CC2DW:
0x003F	0x0008      	RETURN
; end of ___CC2DW
_InitTimer0:
;Zamanlayici_ile_LED_yakma.c,17 :: 		void InitTimer0()
;Zamanlayici_ile_LED_yakma.c,20 :: 		OPTION_REG.T0CS = 0; //Harici instruction cycle clock (CLKOUT)
0x0040	0x1683      	BSF        STATUS, 5
0x0041	0x1303      	BCF        STATUS, 6
0x0042	0x1281      	BCF        OPTION_REG, 5
;Zamanlayici_ile_LED_yakma.c,21 :: 		OPTION_REG.PSA = 0; //Prescaler Timer0 module için kullanýlýr
0x0043	0x1181      	BCF        OPTION_REG, 3
;Zamanlayici_ile_LED_yakma.c,23 :: 		OPTION_REG.PS2 = 1;
0x0044	0x1501      	BSF        OPTION_REG, 2
;Zamanlayici_ile_LED_yakma.c,24 :: 		OPTION_REG.PS1 = 0;
0x0045	0x1081      	BCF        OPTION_REG, 1
;Zamanlayici_ile_LED_yakma.c,25 :: 		OPTION_REG.PS0 = 1;
0x0046	0x1401      	BSF        OPTION_REG, 0
;Zamanlayici_ile_LED_yakma.c,26 :: 		TMR0 = 99; //Timer0 baþlangýç deðer
0x0047	0x3063      	MOVLW      99
0x0048	0x1283      	BCF        STATUS, 5
0x0049	0x0081      	MOVWF      TMR0
;Zamanlayici_ile_LED_yakma.c,28 :: 		INTCON.TMR0IE = 1; //1 = Enables the TMR0 Interrupt
0x004A	0x168B      	BSF        INTCON, 5
;Zamanlayici_ile_LED_yakma.c,29 :: 		INTCON.PEIE=1; //Enables all unmasked peripheral interrupts
0x004B	0x170B      	BSF        INTCON, 6
;Zamanlayici_ile_LED_yakma.c,30 :: 		INTCON.GIE = 1; //1 = Enables all interrupts
0x004C	0x178B      	BSF        INTCON, 7
;Zamanlayici_ile_LED_yakma.c,31 :: 		}
L_end_InitTimer0:
0x004D	0x0008      	RETURN
; end of _InitTimer0
_main:
0x004E	0x1283      	BCF        STATUS, 5
0x004F	0x1303      	BCF        STATUS, 6
0x0050	0x01A1      	CLRF       _counter
0x0051	0x01A2      	CLRF       _counter2
;Zamanlayici_ile_LED_yakma.c,56 :: 		void main()
;Zamanlayici_ile_LED_yakma.c,58 :: 		int i=0;
0x0052	0x01A7      	CLRF       main_i_L0
0x0053	0x01A8      	CLRF       main_i_L0+1
;Zamanlayici_ile_LED_yakma.c,59 :: 		InitTimer0(); //Timer 0 baþlatýlýyor
0x0054	0x2040      	CALL       _InitTimer0
;Zamanlayici_ile_LED_yakma.c,61 :: 		trisb.b0 = 0;
0x0055	0x1683      	BSF        STATUS, 5
0x0056	0x1006      	BCF        TRISB, 0
;Zamanlayici_ile_LED_yakma.c,62 :: 		portb.b0 = 0;
0x0057	0x1283      	BCF        STATUS, 5
0x0058	0x1006      	BCF        PORTB, 0
;Zamanlayici_ile_LED_yakma.c,63 :: 		trisb.b1 = 0;
0x0059	0x1683      	BSF        STATUS, 5
0x005A	0x1086      	BCF        TRISB, 1
;Zamanlayici_ile_LED_yakma.c,64 :: 		portb.b1 = 0;
0x005B	0x1283      	BCF        STATUS, 5
0x005C	0x1086      	BCF        PORTB, 1
;Zamanlayici_ile_LED_yakma.c,65 :: 		TRISD = 0;
0x005D	0x1683      	BSF        STATUS, 5
0x005E	0x0188      	CLRF       TRISD
;Zamanlayici_ile_LED_yakma.c,66 :: 		PORTD = 0;
0x005F	0x1283      	BCF        STATUS, 5
0x0060	0x0188      	CLRF       PORTD
;Zamanlayici_ile_LED_yakma.c,67 :: 		for(i = 0; i < 1000; i++)
0x0061	0x01A7      	CLRF       main_i_L0
0x0062	0x01A8      	CLRF       main_i_L0+1
L_main3:
0x0063	0x3080      	MOVLW      128
0x0064	0x0628      	XORWF      main_i_L0+1, 0
0x0065	0x00F0      	MOVWF      R0
0x0066	0x3080      	MOVLW      128
0x0067	0x3A03      	XORLW      3
0x0068	0x0270      	SUBWF      R0, 0
0x0069	0x1D03      	BTFSS      STATUS, 2
0x006A	0x286D      	GOTO       L__main11
0x006B	0x30E8      	MOVLW      232
0x006C	0x0227      	SUBWF      main_i_L0, 0
L__main11:
0x006D	0x1803      	BTFSC      STATUS, 0
0x006E	0x2883      	GOTO       L_main4
;Zamanlayici_ile_LED_yakma.c,69 :: 		PORTD = i;
0x006F	0x0827      	MOVF       main_i_L0, 0
0x0070	0x0088      	MOVWF      PORTD
;Zamanlayici_ile_LED_yakma.c,70 :: 		delay_ms(1000);
0x0071	0x300B      	MOVLW      11
0x0072	0x00FB      	MOVWF      R11
0x0073	0x3026      	MOVLW      38
0x0074	0x00FC      	MOVWF      R12
0x0075	0x305D      	MOVLW      93
0x0076	0x00FD      	MOVWF      R13
L_main6:
0x0077	0x0BFD      	DECFSZ     R13, 1
0x0078	0x2877      	GOTO       L_main6
0x0079	0x0BFC      	DECFSZ     R12, 1
0x007A	0x2877      	GOTO       L_main6
0x007B	0x0BFB      	DECFSZ     R11, 1
0x007C	0x2877      	GOTO       L_main6
0x007D	0x0000      	NOP
0x007E	0x0000      	NOP
;Zamanlayici_ile_LED_yakma.c,67 :: 		for(i = 0; i < 1000; i++)
0x007F	0x0AA7      	INCF       main_i_L0, 1
0x0080	0x1903      	BTFSC      STATUS, 2
0x0081	0x0AA8      	INCF       main_i_L0+1, 1
;Zamanlayici_ile_LED_yakma.c,71 :: 		}
0x0082	0x2863      	GOTO       L_main3
L_main4:
;Zamanlayici_ile_LED_yakma.c,72 :: 		}
L_end_main:
0x0083	0x2883      	GOTO       $+0
; end of _main
Symbol List:
//** Routines locations **
//ADDRESS    SIZE    PROCEDURE
//----------------------------------------------
0x0004      [41]    _Interrupt
0x002D       [7]    _____DoICP
0x0034      [12]    ___CC2DW
0x0040      [14]    _InitTimer0
0x004E      [54]    _main
//** Variables locations ** 
//ADDRESS    SIZE    VARIABLE
//----------------------------------------------
0x0000       [1]    INDF
0x0001       [1]    TMR0
0x0002       [1]    PCL
0x0003       [1]    STATUS
0x0004       [1]    FSR
0x0006       [1]    PORTB
0x0008       [1]    PORTD
0x000A       [1]    PCLATH
0x000B       [1]    INTCON
0x0021       [1]    _counter
0x0022       [1]    _counter2
0x0023       [2]    ___DoICPAddr
0x0025       [1]    ___saveSTATUS
0x0026       [1]    ___savePCLATH
0x0027       [2]    main_i_L0
0x0070       [1]    R0
0x0071       [1]    R1
0x0072       [1]    R2
0x0073       [1]    R3
0x0074       [1]    R4
0x0075       [1]    R5
0x0076       [1]    R6
0x0077       [1]    R7
0x0078       [1]    R8
0x0079       [1]    R9
0x007A       [1]    R10
0x007B       [1]    R11
0x007C       [1]    R12
0x007D       [1]    R13
0x007E       [1]    R14
0x007F       [1]    R15
0x0081       [1]    OPTION_REG
0x0086       [1]    TRISB
0x0088       [1]    TRISD
